<?xml version="1.0" encoding="UTF-8"?>
<!-- Generated by org.testng.reporters.JUnitReportReporter -->
<testsuite hostname="DESKTOP-GHKE3PU" failures="0" tests="1" name="testCases.LoginAsPatientTC" time="7.333" errors="0" timestamp="2022-02-02T11:36:09 EET" skipped="0">
  <testcase classname="testCases.LoginAsPatientTC" name="LoginAsPatient" time="7.333"/>
  <system-out/>
</testsuite> <!-- testCases.LoginAsPatientTC -->
