<?xml version="1.0" encoding="UTF-8"?>
<!-- Generated by org.testng.reporters.JUnitReportReporter -->
<testsuite hostname="DESKTOP-GHKE3PU" failures="0" tests="1" name="testCases.LoginAsAdmin" time="4.178" errors="0" timestamp="2022-01-31T14:45:40 EET" skipped="0">
  <testcase classname="testCases.LoginAsAdmin" name="loginAsAdmin" time="4.178"/>
  <system-out/>
</testsuite> <!-- testCases.LoginAsAdmin -->
