<?xml version="1.0" encoding="UTF-8"?>
<!-- Generated by org.testng.reporters.JUnitReportReporter -->
<testsuite hostname="DESKTOP-OGUV36I" failures="0" tests="2" name="testCases.BookingAnAppointmentTC" time="12.953" errors="0" timestamp="2022-02-15T13:57:57 EET" skipped="0">
  <testcase classname="testCases.BookingAnAppointmentTC" name="bookAnAppointment_1" time="11.033"/>
  <system-out/>
  <testcase classname="testCases.BookingAnAppointmentTC" name="bookAnAppointment_2" time="1.920"/>
  <system-out/>
</testsuite> <!-- testCases.BookingAnAppointmentTC -->
