<?xml version="1.0" encoding="UTF-8"?>
<!-- Generated by org.testng.reporters.JUnitReportReporter -->
<testsuite hostname="DESKTOP-GHKE3PU" failures="0" tests="1" name="testCases.PatientRegisterationTC" time="3.554" errors="0" timestamp="2022-01-29T14:20:57 EET" skipped="0">
  <testcase classname="testCases.PatientRegisterationTC" name="patientRegisterWithValidData" time="3.554"/>
  <system-out/>
</testsuite> <!-- testCases.PatientRegisterationTC -->
