<?xml version="1.0" encoding="UTF-8"?>
<!-- Generated by org.testng.reporters.JUnitReportReporter -->
<testsuite hostname="DESKTOP-OGUV36I" failures="0" tests="1" name="testCases.LoginAsPatientTC" time="5.356" errors="0" timestamp="2022-02-15T10:58:56 EET" skipped="0">
  <testcase classname="testCases.LoginAsPatientTC" name="LoginAsPatient" time="5.356"/>
  <system-out/>
</testsuite> <!-- testCases.LoginAsPatientTC -->
